2025-02-16T08:01:11.239Z [INFO]: Spot Market WebSocket running on ws://localhost:5001
2025-02-16T08:01:11.249Z [INFO]: Futures Market WebSocket running on ws://localhost:5002
2025-02-16T08:01:11.952Z [ERROR]: WebSocket error: Unexpected server response: 404
2025-02-16T08:01:11.954Z [WARN]: WebSocket disconnected from wss://stream.bybit.com/spot/public/v3. Reconnecting...
2025-02-16T08:01:12.067Z [ERROR]: WebSocket error: Unexpected server response: 404
2025-02-16T08:01:12.069Z [WARN]: WebSocket disconnected from wss://stream.bybit.com/v5/public/futures. Reconnecting...
2025-02-16T08:01:12.160Z [INFO]: ✅ Binance spot WebSocket connected
2025-02-16T08:01:12.167Z [INFO]: ✅ Binance futures WebSocket connected
2025-02-16T08:01:12.229Z [INFO]: ✅ MEXC spot WebSocket connected
2025-02-16T08:01:12.352Z [INFO]: ✅ Kucoin spot WebSocket connected
2025-02-16T08:01:12.363Z [WARN]: WebSocket disconnected from wss://ws-api.kucoin.com/endpoint. Reconnecting...
2025-02-16T08:01:12.545Z [ERROR]: WebSocket error: Unexpected server response: 301
2025-02-16T08:01:12.546Z [WARN]: WebSocket disconnected from wss://futures.kucoin.com/endpoint. Reconnecting...
2025-02-16T08:01:12.549Z [ERROR]: WebSocket error: Unexpected server response: 404
2025-02-16T08:01:12.549Z [WARN]: WebSocket disconnected from wss://contract.mexc.com/ws. Reconnecting...
2025-02-16T08:01:17.518Z [ERROR]: WebSocket error: Unexpected server response: 404
2025-02-16T08:01:17.519Z [WARN]: WebSocket disconnected from wss://stream.bybit.com/spot/public/v3. Reconnecting...
2025-02-16T08:01:17.661Z [ERROR]: WebSocket error: Unexpected server response: 404
2025-02-16T08:01:17.662Z [WARN]: WebSocket disconnected from wss://stream.bybit.com/v5/public/futures. Reconnecting...
2025-02-16T08:01:18.186Z [WARN]: WebSocket disconnected from wss://ws-api.kucoin.com/endpoint. Reconnecting...
2025-02-16T08:01:18.402Z [ERROR]: WebSocket error: Unexpected server response: 301
2025-02-16T08:01:18.403Z [WARN]: WebSocket disconnected from wss://futures.kucoin.com/endpoint. Reconnecting...
2025-02-16T08:01:18.406Z [ERROR]: WebSocket error: Unexpected server response: 404
2025-02-16T08:01:18.407Z [WARN]: WebSocket disconnected from wss://contract.mexc.com/ws. Reconnecting...
2025-02-16T08:01:23.063Z [ERROR]: WebSocket error: Unexpected server response: 404
2025-02-16T08:01:23.065Z [WARN]: WebSocket disconnected from wss://stream.bybit.com/spot/public/v3. Reconnecting...
2025-02-16T08:01:23.261Z [ERROR]: WebSocket error: Unexpected server response: 404
2025-02-16T08:01:23.262Z [WARN]: WebSocket disconnected from wss://stream.bybit.com/v5/public/futures. Reconnecting...
2025-02-16T08:01:23.967Z [WARN]: WebSocket disconnected from wss://ws-api.kucoin.com/endpoint. Reconnecting...
2025-02-16T08:01:24.227Z [ERROR]: WebSocket error: Unexpected server response: 404
2025-02-16T08:01:24.229Z [WARN]: WebSocket disconnected from wss://contract.mexc.com/ws. Reconnecting...
2025-02-16T08:01:24.397Z [ERROR]: WebSocket error: Unexpected server response: 301
2025-02-16T08:01:24.398Z [WARN]: WebSocket disconnected from wss://futures.kucoin.com/endpoint. Reconnecting...
2025-02-16T08:01:28.663Z [ERROR]: WebSocket error: Unexpected server response: 404
2025-02-16T08:01:28.664Z [WARN]: WebSocket disconnected from wss://stream.bybit.com/spot/public/v3. Reconnecting...
2025-02-16T08:01:28.759Z [ERROR]: WebSocket error: Unexpected server response: 404
2025-02-16T08:01:28.761Z [WARN]: WebSocket disconnected from wss://stream.bybit.com/v5/public/futures. Reconnecting...
2025-02-16T08:01:29.833Z [WARN]: WebSocket disconnected from wss://ws-api.kucoin.com/endpoint. Reconnecting...
2025-02-16T08:01:30.085Z [ERROR]: WebSocket error: Unexpected server response: 404
2025-02-16T08:01:30.087Z [WARN]: WebSocket disconnected from wss://contract.mexc.com/ws. Reconnecting...
2025-02-16T08:01:30.321Z [ERROR]: WebSocket error: Unexpected server response: 301
2025-02-16T08:01:30.322Z [WARN]: WebSocket disconnected from wss://futures.kucoin.com/endpoint. Reconnecting...
2025-02-16T08:01:34.308Z [ERROR]: WebSocket error: Unexpected server response: 404
2025-02-16T08:01:34.309Z [WARN]: WebSocket disconnected from wss://stream.bybit.com/spot/public/v3. Reconnecting...
2025-02-16T08:01:34.341Z [ERROR]: WebSocket error: Unexpected server response: 404
2025-02-16T08:01:34.343Z [WARN]: WebSocket disconnected from wss://stream.bybit.com/v5/public/futures. Reconnecting...
2025-02-16T08:01:35.688Z [WARN]: WebSocket disconnected from wss://ws-api.kucoin.com/endpoint. Reconnecting...
2025-02-16T08:01:35.844Z [ERROR]: WebSocket error: Unexpected server response: 404
2025-02-16T08:01:35.845Z [WARN]: WebSocket disconnected from wss://contract.mexc.com/ws. Reconnecting...
2025-02-16T08:01:36.153Z [ERROR]: WebSocket error: Unexpected server response: 301
2025-02-16T08:01:36.153Z [WARN]: WebSocket disconnected from wss://futures.kucoin.com/endpoint. Reconnecting...
2025-02-16T08:01:40.206Z [ERROR]: WebSocket error: Unexpected server response: 404
2025-02-16T08:01:40.207Z [WARN]: WebSocket disconnected from wss://stream.bybit.com/spot/public/v3. Reconnecting...
2025-02-16T08:01:40.562Z [ERROR]: WebSocket error: Unexpected server response: 404
2025-02-16T08:01:40.563Z [WARN]: WebSocket disconnected from wss://stream.bybit.com/v5/public/futures. Reconnecting...
2025-02-16T08:01:42.986Z [ERROR]: WebSocket error: Unexpected server response: 404
2025-02-16T08:01:42.986Z [WARN]: WebSocket disconnected from wss://contract.mexc.com/ws. Reconnecting...
2025-02-16T08:01:43.266Z [ERROR]: WebSocket error: Unexpected server response: 301
2025-02-16T08:01:43.267Z [WARN]: WebSocket disconnected from wss://futures.kucoin.com/endpoint. Reconnecting...
2025-02-16T08:01:43.401Z [WARN]: WebSocket disconnected from wss://ws-api.kucoin.com/endpoint. Reconnecting...
2025-02-16T08:01:43.775Z [WARN]: WebSocket disconnected from wss://wbs.mexc.com/ws. Reconnecting...
2025-02-16T08:01:45.789Z [ERROR]: WebSocket error: Unexpected server response: 404
2025-02-16T08:01:45.790Z [WARN]: WebSocket disconnected from wss://stream.bybit.com/spot/public/v3. Reconnecting...
2025-02-16T08:01:46.031Z [ERROR]: WebSocket error: Unexpected server response: 404
2025-02-16T08:01:46.032Z [WARN]: WebSocket disconnected from wss://stream.bybit.com/v5/public/futures. Reconnecting...
2025-02-16T08:01:48.734Z [ERROR]: WebSocket error: Unexpected server response: 404
2025-02-16T08:01:48.735Z [WARN]: WebSocket disconnected from wss://contract.mexc.com/ws. Reconnecting...
2025-02-16T08:01:49.063Z [ERROR]: WebSocket error: Unexpected server response: 301
2025-02-16T08:01:49.064Z [WARN]: WebSocket disconnected from wss://futures.kucoin.com/endpoint. Reconnecting...
2025-02-16T08:01:49.207Z [WARN]: WebSocket disconnected from wss://ws-api.kucoin.com/endpoint. Reconnecting...
2025-02-16T08:01:51.245Z [ERROR]: WebSocket error: Unexpected server response: 404
2025-02-16T08:01:51.246Z [WARN]: WebSocket disconnected from wss://stream.bybit.com/spot/public/v3. Reconnecting...
2025-02-16T08:01:51.702Z [ERROR]: WebSocket error: Unexpected server response: 404
2025-02-16T08:01:51.703Z [WARN]: WebSocket disconnected from wss://stream.bybit.com/v5/public/futures. Reconnecting...
2025-02-16T08:01:54.150Z [ERROR]: WebSocket error: Unexpected server response: 404
2025-02-16T08:01:54.151Z [WARN]: WebSocket disconnected from wss://contract.mexc.com/ws. Reconnecting...
2025-02-16T08:01:54.835Z [ERROR]: WebSocket error: Unexpected server response: 301
2025-02-16T08:01:54.836Z [WARN]: WebSocket disconnected from wss://futures.kucoin.com/endpoint. Reconnecting...
2025-02-16T08:01:54.992Z [WARN]: WebSocket disconnected from wss://ws-api.kucoin.com/endpoint. Reconnecting...
